android/app/build/intermediates/manifest_merge_blame_file/debug/manifest-merger-blame-debug-report.txt
1<?xml version="1.0" encoding="utf-8"?>
2<manifest xmlns:android="http://schemas.android.com/apk/res/android"
3    package="com.mobileflashcards"
4    android:versionCode="1"
5    android:versionName="1.0" >
6
7    <uses-sdk
8        android:minSdkVersion="21"
9        android:targetSdkVersion="28" />
10
11    <uses-permission android:name="android.permission.SYSTEM_ALERT_WINDOW" />
11-->src\main\AndroidManifest.xml:3:3-75
11-->src\main\AndroidManifest.xml:3:20-73
12    <uses-permission android:name="android.permission.INTERNET" /> <!-- OPTIONAL PERMISSIONS, REMOVE WHATEVER YOU DO NOT NEED -->
12-->src\main\AndroidManifest.xml:2:3-64
12-->src\main\AndroidManifest.xml:2:20-62
13    <uses-permission android:name="android.permission.MANAGE_DOCUMENTS" />
13-->src\main\AndroidManifest.xml:5:3-72
13-->src\main\AndroidManifest.xml:5:20-70
14    <uses-permission android:name="android.permission.READ_INTERNAL_STORAGE" />
14-->src\main\AndroidManifest.xml:6:3-77
14-->src\main\AndroidManifest.xml:6:20-75
15    <uses-permission android:name="android.permission.READ_PHONE_STATE" />
15-->src\main\AndroidManifest.xml:7:3-72
15-->src\main\AndroidManifest.xml:7:20-70
16    <uses-permission android:name="android.permission.USE_FINGERPRINT" />
16-->src\main\AndroidManifest.xml:8:3-71
16-->src\main\AndroidManifest.xml:8:20-69
17    <uses-permission android:name="android.permission.VIBRATE" />
17-->src\main\AndroidManifest.xml:9:3-63
17-->src\main\AndroidManifest.xml:9:20-61
18    <uses-permission android:name="android.permission.MODIFY_AUDIO_SETTINGS" /> <!-- These require runtime permissions on M -->
18-->src\main\AndroidManifest.xml:10:3-77
18-->src\main\AndroidManifest.xml:10:20-75
19    <uses-permission android:name="android.permission.ACCESS_COARSE_LOCATION" />
19-->src\main\AndroidManifest.xml:12:3-78
19-->src\main\AndroidManifest.xml:12:20-76
20    <uses-permission android:name="android.permission.ACCESS_FINE_LOCATION" />
20-->src\main\AndroidManifest.xml:13:3-76
20-->src\main\AndroidManifest.xml:13:20-74
21    <uses-permission android:name="android.permission.CAMERA" />
21-->src\main\AndroidManifest.xml:14:3-62
21-->src\main\AndroidManifest.xml:14:20-60
22    <uses-permission android:name="android.permission.READ_CONTACTS" />
22-->src\main\AndroidManifest.xml:15:3-69
22-->src\main\AndroidManifest.xml:15:20-67
23    <uses-permission android:name="android.permission.READ_CALENDAR" />
23-->src\main\AndroidManifest.xml:16:3-69
23-->src\main\AndroidManifest.xml:16:20-67
24    <uses-permission android:name="android.permission.WRITE_CALENDAR" />
24-->src\main\AndroidManifest.xml:17:3-70
24-->src\main\AndroidManifest.xml:17:20-68
25    <uses-permission android:name="android.permission.READ_EXTERNAL_STORAGE" />
25-->src\main\AndroidManifest.xml:18:3-77
25-->src\main\AndroidManifest.xml:18:20-75
26    <uses-permission android:name="android.permission.RECORD_AUDIO" />
26-->src\main\AndroidManifest.xml:19:3-68
26-->src\main\AndroidManifest.xml:19:20-66
27    <uses-permission android:name="android.permission.WRITE_EXTERNAL_STORAGE" />
27-->src\main\AndroidManifest.xml:20:3-78
27-->src\main\AndroidManifest.xml:20:20-76
28    <uses-permission android:name="android.permission.WRITE_SETTINGS" />
28-->src\main\AndroidManifest.xml:21:3-70
28-->src\main\AndroidManifest.xml:21:20-68
29    <uses-permission android:name="android.permission.ACCESS_NETWORK_STATE" />
29-->[:expo-updates] AndroidManifest.xml:11:5-79
29-->[:expo-updates] AndroidManifest.xml:11:22-76
30    <uses-permission android:name="android.permission.STORAGE" />
30-->[:expo-file-system] AndroidManifest.xml:15:5-66
30-->[:expo-file-system] AndroidManifest.xml:15:22-63
31    <uses-permission android:name="android.permission.FOREGROUND_SERVICE" />
31-->[:expo-location] AndroidManifest.xml:13:5-77
31-->[:expo-location] AndroidManifest.xml:13:22-74
32    <uses-permission android:name="android.permission.RECEIVE_BOOT_COMPLETED" />
32-->[:expo-notifications] AndroidManifest.xml:11:5-81
32-->[:expo-notifications] AndroidManifest.xml:11:22-78
33    <uses-permission android:name="com.google.android.finsky.permission.BIND_GET_INSTALL_REFERRER_SERVICE" />
33-->[com.android.installreferrer:installreferrer:1.0] AndroidManifest.xml:9:5-110
33-->[com.android.installreferrer:installreferrer:1.0] AndroidManifest.xml:9:22-107
34    <uses-permission android:name="android.permission.WAKE_LOCK" /> <!-- Required by older versions of Google Play services to create IID tokens -->
34-->[com.google.firebase:firebase-iid:20.0.2] AndroidManifest.xml:24:5-68
34-->[com.google.firebase:firebase-iid:20.0.2] AndroidManifest.xml:24:22-65
35    <uses-permission android:name="com.google.android.c2dm.permission.RECEIVE" />
35-->[com.google.firebase:firebase-iid:20.0.2] AndroidManifest.xml:26:5-82
35-->[com.google.firebase:firebase-iid:20.0.2] AndroidManifest.xml:26:22-79
36    <uses-permission android:name="com.google.android.providers.gsf.permission.READ_GSERVICES" />
36-->[io.nlopez.smartlocation:library:3.2.11] AndroidManifest.xml:15:5-98
36-->[io.nlopez.smartlocation:library:3.2.11] AndroidManifest.xml:15:22-95
37    <uses-permission android:name="com.google.android.gms.permission.ACTIVITY_RECOGNITION" /> <!-- for android -->
37-->[io.nlopez.smartlocation:library:3.2.11] AndroidManifest.xml:16:5-94
37-->[io.nlopez.smartlocation:library:3.2.11] AndroidManifest.xml:16:22-91
38    <!-- <uses-permission android:name="com.android.launcher.permission.READ_SETTINGS"/> -->
39    <!-- <uses-permission android:name="com.android.launcher.permission.WRITE_SETTINGS"/> -->
40    <!-- <uses-permission android:name="com.android.launcher.permission.INSTALL_SHORTCUT" /> -->
41    <!-- <uses-permission android:name="com.android.launcher.permission.UNINSTALL_SHORTCUT" /> -->
42    <!-- for Samsung -->
43    <uses-permission android:name="com.sec.android.provider.badge.permission.READ" />
43-->[me.leolin:ShortcutBadger:1.1.22] AndroidManifest.xml:19:5-86
43-->[me.leolin:ShortcutBadger:1.1.22] AndroidManifest.xml:19:22-83
44    <uses-permission android:name="com.sec.android.provider.badge.permission.WRITE" /> <!-- for htc -->
44-->[me.leolin:ShortcutBadger:1.1.22] AndroidManifest.xml:20:5-87
44-->[me.leolin:ShortcutBadger:1.1.22] AndroidManifest.xml:20:22-84
45    <uses-permission android:name="com.htc.launcher.permission.READ_SETTINGS" />
45-->[me.leolin:ShortcutBadger:1.1.22] AndroidManifest.xml:23:5-81
45-->[me.leolin:ShortcutBadger:1.1.22] AndroidManifest.xml:23:22-78
46    <uses-permission android:name="com.htc.launcher.permission.UPDATE_SHORTCUT" /> <!-- for sony -->
46-->[me.leolin:ShortcutBadger:1.1.22] AndroidManifest.xml:24:5-83
46-->[me.leolin:ShortcutBadger:1.1.22] AndroidManifest.xml:24:22-80
47    <uses-permission android:name="com.sonyericsson.home.permission.BROADCAST_BADGE" />
47-->[me.leolin:ShortcutBadger:1.1.22] AndroidManifest.xml:27:5-88
47-->[me.leolin:ShortcutBadger:1.1.22] AndroidManifest.xml:27:22-85
48    <uses-permission android:name="com.sonymobile.home.permission.PROVIDER_INSERT_BADGE" /> <!-- for apex -->
48-->[me.leolin:ShortcutBadger:1.1.22] AndroidManifest.xml:28:5-92
48-->[me.leolin:ShortcutBadger:1.1.22] AndroidManifest.xml:28:22-89
49    <uses-permission android:name="com.anddoes.launcher.permission.UPDATE_COUNT" /> <!-- for solid -->
49-->[me.leolin:ShortcutBadger:1.1.22] AndroidManifest.xml:31:5-84
49-->[me.leolin:ShortcutBadger:1.1.22] AndroidManifest.xml:31:22-81
50    <uses-permission android:name="com.majeur.launcher.permission.UPDATE_BADGE" /> <!-- for huawei -->
50-->[me.leolin:ShortcutBadger:1.1.22] AndroidManifest.xml:34:5-83
50-->[me.leolin:ShortcutBadger:1.1.22] AndroidManifest.xml:34:22-80
51    <uses-permission android:name="com.huawei.android.launcher.permission.CHANGE_BADGE" />
51-->[me.leolin:ShortcutBadger:1.1.22] AndroidManifest.xml:37:5-91
51-->[me.leolin:ShortcutBadger:1.1.22] AndroidManifest.xml:37:22-88
52    <uses-permission android:name="com.huawei.android.launcher.permission.READ_SETTINGS" />
52-->[me.leolin:ShortcutBadger:1.1.22] AndroidManifest.xml:38:5-92
52-->[me.leolin:ShortcutBadger:1.1.22] AndroidManifest.xml:38:22-89
53    <uses-permission android:name="com.huawei.android.launcher.permission.WRITE_SETTINGS" /> <!-- for ZUK -->
53-->[me.leolin:ShortcutBadger:1.1.22] AndroidManifest.xml:39:5-93
53-->[me.leolin:ShortcutBadger:1.1.22] AndroidManifest.xml:39:22-90
54    <uses-permission android:name="android.permission.READ_APP_BADGE" /> <!-- for OPPO -->
54-->[me.leolin:ShortcutBadger:1.1.22] AndroidManifest.xml:42:5-73
54-->[me.leolin:ShortcutBadger:1.1.22] AndroidManifest.xml:42:22-70
55    <uses-permission android:name="com.oppo.launcher.permission.READ_SETTINGS" />
55-->[me.leolin:ShortcutBadger:1.1.22] AndroidManifest.xml:45:5-82
55-->[me.leolin:ShortcutBadger:1.1.22] AndroidManifest.xml:45:22-79
56    <uses-permission android:name="com.oppo.launcher.permission.WRITE_SETTINGS" /> <!-- for EvMe -->
56-->[me.leolin:ShortcutBadger:1.1.22] AndroidManifest.xml:46:5-83
56-->[me.leolin:ShortcutBadger:1.1.22] AndroidManifest.xml:46:22-80
57    <uses-permission android:name="me.everything.badger.permission.BADGE_COUNT_READ" />
57-->[me.leolin:ShortcutBadger:1.1.22] AndroidManifest.xml:49:5-88
57-->[me.leolin:ShortcutBadger:1.1.22] AndroidManifest.xml:49:22-85
58    <uses-permission android:name="me.everything.badger.permission.BADGE_COUNT_WRITE" />
58-->[me.leolin:ShortcutBadger:1.1.22] AndroidManifest.xml:50:5-89
58-->[me.leolin:ShortcutBadger:1.1.22] AndroidManifest.xml:50:22-86
59
60    <application
60-->src\main\AndroidManifest.xml:23:3-47:17
61        android:name="com.mobileflashcards.MainApplication"
61-->src\main\AndroidManifest.xml:24:5-36
62        android:allowBackup="false"
62-->src\main\AndroidManifest.xml:28:5-32
63        android:appComponentFactory="androidx.core.app.CoreComponentFactory"
63-->[androidx.core:core:1.2.0] AndroidManifest.xml:24:18-86
64        android:debuggable="true"
65        android:icon="@mipmap/ic_launcher"
65-->src\main\AndroidManifest.xml:26:5-39
66        android:label="@string/app_name"
66-->src\main\AndroidManifest.xml:25:5-37
67        android:roundIcon="@mipmap/ic_launcher_round"
67-->src\main\AndroidManifest.xml:27:5-50
68        android:theme="@style/AppTheme"
68-->src\main\AndroidManifest.xml:29:5-36
69        android:usesCleartextTraffic="true" >
69-->src\debug\AndroidManifest.xml:6:18-53
70        <meta-data
70-->src\main\AndroidManifest.xml:31:5-103
71            android:name="expo.modules.updates.EXPO_UPDATE_URL"
71-->src\main\AndroidManifest.xml:31:16-67
72            android:value="YOUR-APP-URL-HERE" />
72-->src\main\AndroidManifest.xml:31:68-101
73        <meta-data
73-->src\main\AndroidManifest.xml:32:5-112
74            android:name="expo.modules.updates.EXPO_SDK_VERSION"
74-->src\main\AndroidManifest.xml:32:16-68
75            android:value="YOUR-APP-SDK-VERSION-HERE" />
75-->src\main\AndroidManifest.xml:32:69-110
76
77        <activity
77-->src\main\AndroidManifest.xml:33:5-45:16
78            android:name="com.mobileflashcards.MainActivity"
78-->src\main\AndroidManifest.xml:34:7-35
79            android:configChanges="keyboard|keyboardHidden|orientation|screenSize"
79-->src\main\AndroidManifest.xml:36:7-77
80            android:label="@string/app_name"
80-->src\main\AndroidManifest.xml:35:7-39
81            android:launchMode="singleTask"
81-->src\main\AndroidManifest.xml:37:7-38
82            android:theme="@style/Theme.App.SplashScreen"
82-->src\main\AndroidManifest.xml:39:7-52
83            android:windowSoftInputMode="adjustResize" >
83-->src\main\AndroidManifest.xml:38:7-49
84            <intent-filter>
84-->src\main\AndroidManifest.xml:41:7-44:23
85                <action android:name="android.intent.action.MAIN" />
85-->src\main\AndroidManifest.xml:42:9-60
85-->src\main\AndroidManifest.xml:42:17-58
86
87                <category android:name="android.intent.category.LAUNCHER" />
87-->src\main\AndroidManifest.xml:43:9-68
87-->src\main\AndroidManifest.xml:43:19-66
88            </intent-filter>
89        </activity>
90        <activity android:name="com.facebook.react.devsupport.DevSettingsActivity" />
90-->src\main\AndroidManifest.xml:46:5-81
90-->src\main\AndroidManifest.xml:46:15-79
91
92        <provider
92-->[:expo-file-system] AndroidManifest.xml:18:9-27:20
93            android:name="expo.modules.filesystem.FileSystemFileProvider"
93-->[:expo-file-system] AndroidManifest.xml:19:13-74
94            android:authorities="com.mobileflashcards.FileSystemFileProvider"
94-->[:expo-file-system] AndroidManifest.xml:20:13-74
95            android:exported="false"
95-->[:expo-file-system] AndroidManifest.xml:21:13-37
96            android:grantUriPermissions="true" >
96-->[:expo-file-system] AndroidManifest.xml:22:13-47
97            <meta-data
97-->[:expo-file-system] AndroidManifest.xml:24:13-26:70
98                android:name="android.support.FILE_PROVIDER_PATHS"
98-->[:expo-file-system] AndroidManifest.xml:25:17-67
99                android:resource="@xml/file_system_provider_paths" />
99-->[:expo-file-system] AndroidManifest.xml:26:17-67
100        </provider>
101
102        <service
102-->[:expo-location] AndroidManifest.xml:16:9-18:40
103            android:name="expo.modules.location.services.LocationTaskService"
103-->[:expo-location] AndroidManifest.xml:17:13-78
104            android:exported="false" />
104-->[:expo-location] AndroidManifest.xml:18:13-37
105        <service
105-->[:expo-notifications] AndroidManifest.xml:14:9-20:19
106            android:name="expo.modules.notifications.FirebaseListenerService"
106-->[:expo-notifications] AndroidManifest.xml:15:13-78
107            android:exported="false" >
107-->[:expo-notifications] AndroidManifest.xml:16:13-37
108            <intent-filter android:priority="-1" >
108-->[:expo-notifications] AndroidManifest.xml:17:13-19:29
108-->[:expo-notifications] AndroidManifest.xml:17:28-49
109                <action android:name="com.google.firebase.MESSAGING_EVENT" />
109-->[:expo-notifications] AndroidManifest.xml:18:17-78
109-->[:expo-notifications] AndroidManifest.xml:18:25-75
110            </intent-filter>
111        </service>
112        <service
112-->[:expo-notifications] AndroidManifest.xml:21:9-28:19
113            android:name="expo.modules.notifications.notifications.service.ExpoNotificationsService"
113-->[:expo-notifications] AndroidManifest.xml:22:13-101
114            android:exported="false"
114-->[:expo-notifications] AndroidManifest.xml:23:13-37
115            android:permission="android.permission.BIND_JOB_SERVICE" >
115-->[:expo-notifications] AndroidManifest.xml:24:13-69
116            <intent-filter android:order="-1" >
116-->[:expo-notifications] AndroidManifest.xml:25:13-27:29
116-->[:expo-notifications] AndroidManifest.xml:25:28-46
117                <action android:name="expo.modules.notifications.NOTIFICATION_EVENT" />
117-->[:expo-notifications] AndroidManifest.xml:26:17-88
117-->[:expo-notifications] AndroidManifest.xml:26:25-85
118            </intent-filter>
119        </service>
120        <service
120-->[:expo-notifications] AndroidManifest.xml:29:9-32:72
121            android:name="expo.modules.notifications.notifications.service.ExpoNotificationSchedulerService"
121-->[:expo-notifications] AndroidManifest.xml:30:13-109
122            android:exported="false"
122-->[:expo-notifications] AndroidManifest.xml:31:13-37
123            android:permission="android.permission.BIND_JOB_SERVICE" />
123-->[:expo-notifications] AndroidManifest.xml:32:13-69
124
125        <receiver
125-->[:expo-notifications] AndroidManifest.xml:34:9-44:20
126            android:name="expo.modules.notifications.notifications.service.ScheduledAlarmReceiver"
126-->[:expo-notifications] AndroidManifest.xml:35:13-99
127            android:enabled="true"
127-->[:expo-notifications] AndroidManifest.xml:36:13-35
128            android:exported="false" >
128-->[:expo-notifications] AndroidManifest.xml:37:13-37
129            <intent-filter>
129-->[:expo-notifications] AndroidManifest.xml:38:13-43:29
130                <action android:name="expo.modules.notifications.TRIGGER_EVENT" />
130-->[:expo-notifications] AndroidManifest.xml:39:17-83
130-->[:expo-notifications] AndroidManifest.xml:39:25-80
131                <action android:name="android.intent.action.BOOT_COMPLETED" />
131-->[:expo-notifications] AndroidManifest.xml:40:17-79
131-->[:expo-notifications] AndroidManifest.xml:40:25-76
132                <action android:name="android.intent.action.QUICKBOOT_POWERON" />
132-->[:expo-notifications] AndroidManifest.xml:41:17-82
132-->[:expo-notifications] AndroidManifest.xml:41:25-79
133                <action android:name="com.htc.intent.action.QUICKBOOT_POWERON" />
133-->[:expo-notifications] AndroidManifest.xml:42:17-82
133-->[:expo-notifications] AndroidManifest.xml:42:25-79
134            </intent-filter>
135        </receiver>
136        <receiver
136-->[:expo-notifications] AndroidManifest.xml:45:9-48:40
137            android:name="expo.modules.notifications.notifications.service.NotificationResponseReceiver"
137-->[:expo-notifications] AndroidManifest.xml:46:13-105
138            android:enabled="true"
138-->[:expo-notifications] AndroidManifest.xml:47:13-35
139            android:exported="false" />
139-->[:expo-notifications] AndroidManifest.xml:48:13-37
140        <!--
141             FirebaseMessagingService performs security checks at runtime,
142             but set to not exported to explicitly avoid allowing another app to call it.
143        -->
144        <service
144-->[com.google.firebase:firebase-messaging:20.1.0] AndroidManifest.xml:28:9-34:19
145            android:name="com.google.firebase.messaging.FirebaseMessagingService"
145-->[com.google.firebase:firebase-messaging:20.1.0] AndroidManifest.xml:29:13-82
146            android:exported="false" >
146-->[com.google.firebase:firebase-messaging:20.1.0] AndroidManifest.xml:30:13-37
147            <intent-filter android:priority="-500" >
147-->[:expo-notifications] AndroidManifest.xml:17:13-19:29
147-->[:expo-notifications] AndroidManifest.xml:17:28-49
148                <action android:name="com.google.firebase.MESSAGING_EVENT" />
148-->[:expo-notifications] AndroidManifest.xml:18:17-78
148-->[:expo-notifications] AndroidManifest.xml:18:25-75
149            </intent-filter>
150        </service>
151        <service
151-->[com.google.firebase:firebase-messaging:20.1.0] AndroidManifest.xml:35:9-41:19
152            android:name="com.google.firebase.components.ComponentDiscoveryService"
152-->[com.google.firebase:firebase-messaging:20.1.0] AndroidManifest.xml:36:13-84
153            android:directBootAware="true"
153-->[com.google.firebase:firebase-common:19.3.0] AndroidManifest.xml:34:13-43
154            android:exported="false" >
154-->[com.google.firebase:firebase-messaging:20.1.0] AndroidManifest.xml:37:13-37
155            <meta-data
155-->[com.google.firebase:firebase-messaging:20.1.0] AndroidManifest.xml:38:13-40:85
156                android:name="com.google.firebase.components:com.google.firebase.messaging.FirebaseMessagingRegistrar"
156-->[com.google.firebase:firebase-messaging:20.1.0] AndroidManifest.xml:39:17-119
157                android:value="com.google.firebase.components.ComponentRegistrar" />
157-->[com.google.firebase:firebase-messaging:20.1.0] AndroidManifest.xml:40:17-82
158            <meta-data
158-->[com.google.firebase:firebase-datatransport:17.0.3] AndroidManifest.xml:28:13-30:85
159                android:name="com.google.firebase.components:com.google.firebase.datatransport.TransportRegistrar"
159-->[com.google.firebase:firebase-datatransport:17.0.3] AndroidManifest.xml:29:17-115
160                android:value="com.google.firebase.components.ComponentRegistrar" />
160-->[com.google.firebase:firebase-datatransport:17.0.3] AndroidManifest.xml:30:17-82
161            <meta-data
161-->[com.google.firebase:firebase-iid:20.0.2] AndroidManifest.xml:32:13-34:85
162                android:name="com.google.firebase.components:com.google.firebase.iid.Registrar"
162-->[com.google.firebase:firebase-iid:20.0.2] AndroidManifest.xml:33:17-96
163                android:value="com.google.firebase.components.ComponentRegistrar" />
163-->[com.google.firebase:firebase-iid:20.0.2] AndroidManifest.xml:34:17-82
164        </service>
165        <service
165-->[com.google.android.datatransport:transport-backend-cct:2.2.0] AndroidManifest.xml:29:9-35:19
166            android:name="com.google.android.datatransport.runtime.backends.TransportBackendDiscovery"
166-->[com.google.android.datatransport:transport-backend-cct:2.2.0] AndroidManifest.xml:30:13-103
167            android:exported="false" >
167-->[com.google.android.datatransport:transport-backend-cct:2.2.0] AndroidManifest.xml:31:13-37
168            <meta-data
168-->[com.google.android.datatransport:transport-backend-cct:2.2.0] AndroidManifest.xml:32:13-34:39
169                android:name="backend:com.google.android.datatransport.cct.CctBackendFactory"
169-->[com.google.android.datatransport:transport-backend-cct:2.2.0] AndroidManifest.xml:33:17-94
170                android:value="cct" />
170-->[com.google.android.datatransport:transport-backend-cct:2.2.0] AndroidManifest.xml:34:17-36
171        </service>
172        <service
172-->[com.google.android.datatransport:transport-runtime:2.2.0] AndroidManifest.xml:26:9-30:19
173            android:name="com.google.android.datatransport.runtime.scheduling.jobscheduling.JobInfoSchedulerService"
173-->[com.google.android.datatransport:transport-runtime:2.2.0] AndroidManifest.xml:27:13-117
174            android:exported="false"
174-->[com.google.android.datatransport:transport-runtime:2.2.0] AndroidManifest.xml:28:13-37
175            android:permission="android.permission.BIND_JOB_SERVICE" >
175-->[com.google.android.datatransport:transport-runtime:2.2.0] AndroidManifest.xml:29:13-69
176        </service>
177
178        <receiver
178-->[com.google.android.datatransport:transport-runtime:2.2.0] AndroidManifest.xml:32:9-34:40
179            android:name="com.google.android.datatransport.runtime.scheduling.jobscheduling.AlarmManagerSchedulerBroadcastReceiver"
179-->[com.google.android.datatransport:transport-runtime:2.2.0] AndroidManifest.xml:33:13-132
180            android:exported="false" />
180-->[com.google.android.datatransport:transport-runtime:2.2.0] AndroidManifest.xml:34:13-37
181
182        <service
182-->[androidx.room:room-runtime:2.1.0] AndroidManifest.xml:25:9-27:40
183            android:name="androidx.room.MultiInstanceInvalidationService"
183-->[androidx.room:room-runtime:2.1.0] AndroidManifest.xml:26:13-74
184            android:exported="false" />
184-->[androidx.room:room-runtime:2.1.0] AndroidManifest.xml:27:13-37
185
186        <receiver
186-->[com.google.firebase:firebase-iid:20.0.2] AndroidManifest.xml:37:9-44:20
187            android:name="com.google.firebase.iid.FirebaseInstanceIdReceiver"
187-->[com.google.firebase:firebase-iid:20.0.2] AndroidManifest.xml:38:13-78
188            android:exported="true"
188-->[com.google.firebase:firebase-iid:20.0.2] AndroidManifest.xml:39:13-36
189            android:permission="com.google.android.c2dm.permission.SEND" >
189-->[com.google.firebase:firebase-iid:20.0.2] AndroidManifest.xml:40:13-73
190            <intent-filter>
190-->[com.google.firebase:firebase-iid:20.0.2] AndroidManifest.xml:41:13-43:29
191                <action android:name="com.google.android.c2dm.intent.RECEIVE" />
191-->[com.google.firebase:firebase-iid:20.0.2] AndroidManifest.xml:42:17-81
191-->[com.google.firebase:firebase-iid:20.0.2] AndroidManifest.xml:42:25-78
192            </intent-filter>
193        </receiver>
194
195        <provider
195-->[com.google.firebase:firebase-common:19.3.0] AndroidManifest.xml:26:9-30:39
196            android:name="com.google.firebase.provider.FirebaseInitProvider"
196-->[com.google.firebase:firebase-common:19.3.0] AndroidManifest.xml:27:13-77
197            android:authorities="com.mobileflashcards.firebaseinitprovider"
197-->[com.google.firebase:firebase-common:19.3.0] AndroidManifest.xml:28:13-72
198            android:exported="false"
198-->[com.google.firebase:firebase-common:19.3.0] AndroidManifest.xml:29:13-37
199            android:initOrder="100" />
199-->[com.google.firebase:firebase-common:19.3.0] AndroidManifest.xml:30:13-36
200
201        <activity
201-->[com.google.android.gms:play-services-base:17.0.0] AndroidManifest.xml:23:9-26:75
202            android:name="com.google.android.gms.common.api.GoogleApiActivity"
202-->[com.google.android.gms:play-services-base:17.0.0] AndroidManifest.xml:24:13-79
203            android:exported="false"
203-->[com.google.android.gms:play-services-base:17.0.0] AndroidManifest.xml:25:13-37
204            android:theme="@android:style/Theme.Translucent.NoTitleBar" />
204-->[com.google.android.gms:play-services-base:17.0.0] AndroidManifest.xml:26:13-72
205
206        <meta-data
206-->[com.google.android.gms:play-services-basement:17.0.0] AndroidManifest.xml:23:9-25:69
207            android:name="com.google.android.gms.version"
207-->[com.google.android.gms:play-services-basement:17.0.0] AndroidManifest.xml:24:13-58
208            android:value="@integer/google_play_services_version" />
208-->[com.google.android.gms:play-services-basement:17.0.0] AndroidManifest.xml:25:13-66
209
210        <provider
210-->[androidx.lifecycle:lifecycle-process:2.2.0] AndroidManifest.xml:25:9-29:43
211            android:name="androidx.lifecycle.ProcessLifecycleOwnerInitializer"
211-->[androidx.lifecycle:lifecycle-process:2.2.0] AndroidManifest.xml:26:13-79
212            android:authorities="com.mobileflashcards.lifecycle-process"
212-->[androidx.lifecycle:lifecycle-process:2.2.0] AndroidManifest.xml:27:13-69
213            android:exported="false"
213-->[androidx.lifecycle:lifecycle-process:2.2.0] AndroidManifest.xml:28:13-37
214            android:multiprocess="true" />
214-->[androidx.lifecycle:lifecycle-process:2.2.0] AndroidManifest.xml:29:13-40
215
216        <service
216-->[io.nlopez.smartlocation:library:3.2.11] AndroidManifest.xml:19:9-21:40
217            android:name="io.nlopez.smartlocation.activity.providers.ActivityGooglePlayServicesProvider$ActivityRecognitionService"
217-->[io.nlopez.smartlocation:library:3.2.11] AndroidManifest.xml:20:13-132
218            android:exported="false" />
218-->[io.nlopez.smartlocation:library:3.2.11] AndroidManifest.xml:21:13-37
219        <service
219-->[io.nlopez.smartlocation:library:3.2.11] AndroidManifest.xml:22:9-24:40
220            android:name="io.nlopez.smartlocation.geofencing.providers.GeofencingGooglePlayServicesProvider$GeofencingService"
220-->[io.nlopez.smartlocation:library:3.2.11] AndroidManifest.xml:23:13-127
221            android:exported="false" />
221-->[io.nlopez.smartlocation:library:3.2.11] AndroidManifest.xml:24:13-37
222        <service
222-->[io.nlopez.smartlocation:library:3.2.11] AndroidManifest.xml:25:9-27:40
223            android:name="io.nlopez.smartlocation.geocoding.providers.AndroidGeocodingProvider$AndroidGeocodingService"
223-->[io.nlopez.smartlocation:library:3.2.11] AndroidManifest.xml:26:13-120
224            android:exported="false" />
224-->[io.nlopez.smartlocation:library:3.2.11] AndroidManifest.xml:27:13-37
225    </application>
226
227</manifest>